[0.486s] Invoking command in '/home/sj/Desktop/Robotics_yo/809Y/Move-the-turtlebot3-through-the-maze-as-per-the-ID-on-the-aruco-marker./turtlebot3_ws/build/ros2_aruco_interfaces': CMAKE_PREFIX_PATH=/opt/ros/galactic /usr/bin/cmake /home/sj/Desktop/Robotics_yo/809Y/Move-the-turtlebot3-through-the-maze-as-per-the-ID-on-the-aruco-marker./turtlebot3_ws/src/ros2_aruco/ros2_aruco_interfaces -DCMAKE_INSTALL_PREFIX=/home/sj/Desktop/Robotics_yo/809Y/Move-the-turtlebot3-through-the-maze-as-per-the-ID-on-the-aruco-marker./turtlebot3_ws/install/ros2_aruco_interfaces
[1.064s] -- The C compiler identification is GNU 9.4.0
[1.064s] -- The CXX compiler identification is GNU 9.4.0
[1.064s] -- Check for working C compiler: /usr/bin/cc
[1.064s] -- Check for working C compiler: /usr/bin/cc -- works
[1.064s] -- Detecting C compiler ABI info
[1.064s] -- Detecting C compiler ABI info - done
[1.064s] -- Detecting C compile features
[1.064s] -- Detecting C compile features - done
[1.064s] -- Check for working CXX compiler: /usr/bin/c++
[1.064s] -- Check for working CXX compiler: /usr/bin/c++ -- works
[1.064s] -- Detecting CXX compiler ABI info
[1.064s] -- Detecting CXX compiler ABI info - done
[1.064s] -- Detecting CXX compile features
[1.064s] -- Detecting CXX compile features - done
[1.064s] -- Found ament_cmake: 1.1.6 (/opt/ros/galactic/share/ament_cmake/cmake)
[1.064s] -- Found PythonInterp: /usr/bin/python3 (found suitable version "3.8.10", minimum required is "3") 
[1.064s] -- Using PYTHON_EXECUTABLE: /usr/bin/python3
[1.064s] -- Found geometry_msgs: 2.2.4 (/opt/ros/galactic/share/geometry_msgs/cmake)
[1.065s] -- Using all available rosidl_typesupport_c: rosidl_typesupport_fastrtps_c;rosidl_typesupport_introspection_c
[1.065s] -- Found rosidl_adapter: 2.2.3 (/opt/ros/galactic/share/rosidl_adapter/cmake)
[1.065s] -- Found OpenSSL: /usr/lib/x86_64-linux-gnu/libcrypto.so (found version "1.1.1f")  
[1.065s] -- Found FastRTPS: /opt/ros/galactic/include  
[1.065s] -- Using all available rosidl_typesupport_cpp: rosidl_typesupport_fastrtps_cpp;rosidl_typesupport_introspection_cpp
[1.144s] -- Found rosidl_default_generators: 1.1.1 (/opt/ros/galactic/share/rosidl_default_generators/cmake)
[1.174s] -- Found PythonInterp: /usr/bin/python3 (found version "3.8.10") 
[1.363s] -- Found ament_cmake_ros: 0.9.2 (/opt/ros/galactic/share/ament_cmake_ros/cmake)
[1.623s] -- Using all available rosidl_typesupport_c: rosidl_typesupport_fastrtps_c;rosidl_typesupport_introspection_c
[1.742s] -- Using all available rosidl_typesupport_cpp: rosidl_typesupport_fastrtps_cpp;rosidl_typesupport_introspection_cpp
[1.760s] -- Found PythonInterp: /usr/bin/python3 (found suitable version "3.8.10", minimum required is "3.5") 
[1.761s] -- Found python_cmake_module: 0.8.1 (/opt/ros/galactic/share/python_cmake_module/cmake)
[1.784s] -- Found PythonLibs: /usr/lib/x86_64-linux-gnu/libpython3.8.so (found suitable version "3.8.10", minimum required is "3.5") 
[1.784s] -- Using PYTHON_EXECUTABLE: /usr/bin/python3
[1.784s] -- Using PYTHON_INCLUDE_DIRS: /usr/include/python3.8
[1.784s] -- Using PYTHON_LIBRARIES: /usr/lib/x86_64-linux-gnu/libpython3.8.so
[1.798s] -- Found PythonExtra: .so  
[1.879s] -- Found ament_lint_auto: 0.10.7 (/opt/ros/galactic/share/ament_lint_auto/cmake)
[1.899s] -- Added test 'copyright' to check source files copyright and LICENSE
[1.900s] -- Added test 'lint_cmake' to check CMake code style
[1.901s] -- Added test 'xmllint' to check XML markup files
[1.906s] -- Configuring done
[1.962s] -- Generating done
[1.965s] -- Build files have been written to: /home/sj/Desktop/Robotics_yo/809Y/Move-the-turtlebot3-through-the-maze-as-per-the-ID-on-the-aruco-marker./turtlebot3_ws/build/ros2_aruco_interfaces
[2.042s] Invoked command in '/home/sj/Desktop/Robotics_yo/809Y/Move-the-turtlebot3-through-the-maze-as-per-the-ID-on-the-aruco-marker./turtlebot3_ws/build/ros2_aruco_interfaces' returned '0': CMAKE_PREFIX_PATH=/opt/ros/galactic /usr/bin/cmake /home/sj/Desktop/Robotics_yo/809Y/Move-the-turtlebot3-through-the-maze-as-per-the-ID-on-the-aruco-marker./turtlebot3_ws/src/ros2_aruco/ros2_aruco_interfaces -DCMAKE_INSTALL_PREFIX=/home/sj/Desktop/Robotics_yo/809Y/Move-the-turtlebot3-through-the-maze-as-per-the-ID-on-the-aruco-marker./turtlebot3_ws/install/ros2_aruco_interfaces
[2.044s] Invoking command in '/home/sj/Desktop/Robotics_yo/809Y/Move-the-turtlebot3-through-the-maze-as-per-the-ID-on-the-aruco-marker./turtlebot3_ws/build/ros2_aruco_interfaces': CMAKE_PREFIX_PATH=/opt/ros/galactic /usr/bin/cmake --build /home/sj/Desktop/Robotics_yo/809Y/Move-the-turtlebot3-through-the-maze-as-per-the-ID-on-the-aruco-marker./turtlebot3_ws/build/ros2_aruco_interfaces -- -j12 -l12
[2.086s] [35m[1mScanning dependencies of target ros2_aruco_interfaces__cpp[0m
[2.090s] [  3%] [34m[1mGenerating C code for ROS interfaces[0m
[2.094s] [  6%] [34m[1mGenerating C++ code for ROS interfaces[0m
[2.263s] [  6%] Built target ros2_aruco_interfaces__cpp
[2.275s] [  9%] [34m[1mGenerating C++ type support dispatch for ROS interfaces[0m
[2.277s] [ 16%] [34m[1mGenerating C++ type support for eProsima Fast-RTPS[0m
[2.277s] [ 16%] [34m[1mGenerating C++ introspection for ROS interfaces[0m
[2.330s] [35m[1mScanning dependencies of target ros2_aruco_interfaces__rosidl_generator_c[0m
[2.345s] [ 19%] [32mBuilding C object CMakeFiles/ros2_aruco_interfaces__rosidl_generator_c.dir/rosidl_generator_c/ros2_aruco_interfaces/msg/detail/aruco_markers__functions.c.o[0m
[2.396s] [ 22%] [32m[1mLinking C shared library libros2_aruco_interfaces__rosidl_generator_c.so[0m
[2.447s] [ 22%] Built target ros2_aruco_interfaces__rosidl_generator_c
[2.460s] [ 25%] [34m[1mGenerating C type support dispatch for ROS interfaces[0m
[2.468s] [ 29%] [34m[1mGenerating C introspection for ROS interfaces[0m
[2.547s] [35m[1mScanning dependencies of target ros2_aruco_interfaces__rosidl_typesupport_cpp[0m
[2.560s] [35m[1mScanning dependencies of target ros2_aruco_interfaces__rosidl_typesupport_fastrtps_cpp[0m
[2.588s] [ 32%] [32mBuilding CXX object CMakeFiles/ros2_aruco_interfaces__rosidl_typesupport_cpp.dir/rosidl_typesupport_cpp/ros2_aruco_interfaces/msg/aruco_markers__type_support.cpp.o[0m
[2.603s] [ 35%] [32mBuilding CXX object CMakeFiles/ros2_aruco_interfaces__rosidl_typesupport_fastrtps_cpp.dir/rosidl_typesupport_fastrtps_cpp/ros2_aruco_interfaces/msg/detail/dds_fastrtps/aruco_markers__type_support.cpp.o[0m
[2.617s] [35m[1mScanning dependencies of target ros2_aruco_interfaces__rosidl_typesupport_introspection_cpp[0m
[2.654s] [ 38%] [32mBuilding CXX object CMakeFiles/ros2_aruco_interfaces__rosidl_typesupport_introspection_cpp.dir/rosidl_typesupport_introspection_cpp/ros2_aruco_interfaces/msg/detail/aruco_markers__type_support.cpp.o[0m
[2.770s] [35m[1mScanning dependencies of target ros2_aruco_interfaces__rosidl_typesupport_c[0m
[2.828s] [ 41%] [32mBuilding CXX object CMakeFiles/ros2_aruco_interfaces__rosidl_typesupport_c.dir/rosidl_typesupport_c/ros2_aruco_interfaces/msg/aruco_markers__type_support.cpp.o[0m
[2.866s] [35m[1mScanning dependencies of target ros2_aruco_interfaces__rosidl_typesupport_introspection_c[0m
[2.889s] [ 45%] [32mBuilding C object CMakeFiles/ros2_aruco_interfaces__rosidl_typesupport_introspection_c.dir/rosidl_typesupport_introspection_c/ros2_aruco_interfaces/msg/detail/aruco_markers__type_support.c.o[0m
[2.903s] [ 48%] [32m[1mLinking CXX shared library libros2_aruco_interfaces__rosidl_typesupport_c.so[0m
[2.936s] [ 51%] [32m[1mLinking C shared library libros2_aruco_interfaces__rosidl_typesupport_introspection_c.so[0m
[2.986s] [ 54%] [32m[1mLinking CXX shared library libros2_aruco_interfaces__rosidl_typesupport_cpp.so[0m
[3.015s] [ 54%] Built target ros2_aruco_interfaces__rosidl_typesupport_c
[3.019s] [ 54%] Built target ros2_aruco_interfaces__rosidl_typesupport_introspection_c
[3.037s] [ 54%] Built target ros2_aruco_interfaces__rosidl_typesupport_cpp
[3.245s] [ 58%] [32m[1mLinking CXX shared library libros2_aruco_interfaces__rosidl_typesupport_introspection_cpp.so[0m
[3.395s] [ 61%] [32m[1mLinking CXX shared library libros2_aruco_interfaces__rosidl_typesupport_fastrtps_cpp.so[0m
[3.533s] [ 61%] Built target ros2_aruco_interfaces__rosidl_typesupport_introspection_cpp
[3.550s] [ 61%] Built target ros2_aruco_interfaces__rosidl_typesupport_fastrtps_cpp
[3.647s] [ 64%] [34m[1mGenerating C type support for eProsima Fast-RTPS[0m
[3.983s] [35m[1mScanning dependencies of target ros2_aruco_interfaces__rosidl_typesupport_fastrtps_c[0m
[4.073s] [ 67%] [32mBuilding CXX object CMakeFiles/ros2_aruco_interfaces__rosidl_typesupport_fastrtps_c.dir/rosidl_typesupport_fastrtps_c/ros2_aruco_interfaces/msg/detail/aruco_markers__type_support_c.cpp.o[0m
[4.694s] [ 70%] [32m[1mLinking CXX shared library libros2_aruco_interfaces__rosidl_typesupport_fastrtps_c.so[0m
[4.891s] [ 70%] Built target ros2_aruco_interfaces__rosidl_typesupport_fastrtps_c
[4.907s] [35m[1mScanning dependencies of target ros2_aruco_interfaces[0m
[4.917s] [ 70%] Built target ros2_aruco_interfaces
[4.926s] [35m[1mScanning dependencies of target ros2_aruco_interfaces__py[0m
[4.936s] [ 74%] [34m[1mGenerating Python code for ROS interfaces[0m
[5.333s] [ 74%] Built target ros2_aruco_interfaces__py
[5.345s] [35m[1mScanning dependencies of target ros2_aruco_interfaces__python[0m
[5.366s] [ 77%] [32mBuilding C object CMakeFiles/ros2_aruco_interfaces__python.dir/rosidl_generator_py/ros2_aruco_interfaces/msg/_aruco_markers_s.c.o[0m
[5.451s] [ 80%] [32m[1mLinking C shared library rosidl_generator_py/ros2_aruco_interfaces/libros2_aruco_interfaces__python.so[0m
[5.516s] [ 80%] Built target ros2_aruco_interfaces__python
[5.535s] [35m[1mScanning dependencies of target ros2_aruco_interfaces__rosidl_typesupport_c__pyext[0m
[5.567s] [35m[1mScanning dependencies of target ros2_aruco_interfaces__rosidl_typesupport_introspection_c__pyext[0m
[5.571s] [35m[1mScanning dependencies of target ros2_aruco_interfaces__rosidl_typesupport_fastrtps_c__pyext[0m
[5.617s] [ 83%] [32mBuilding C object CMakeFiles/ros2_aruco_interfaces__rosidl_typesupport_c__pyext.dir/rosidl_generator_py/ros2_aruco_interfaces/_ros2_aruco_interfaces_s.ep.rosidl_typesupport_c.c.o[0m
[5.628s] [ 87%] [32mBuilding C object CMakeFiles/ros2_aruco_interfaces__rosidl_typesupport_introspection_c__pyext.dir/rosidl_generator_py/ros2_aruco_interfaces/_ros2_aruco_interfaces_s.ep.rosidl_typesupport_introspection_c.c.o[0m
[5.671s] [ 90%] [32mBuilding C object CMakeFiles/ros2_aruco_interfaces__rosidl_typesupport_fastrtps_c__pyext.dir/rosidl_generator_py/ros2_aruco_interfaces/_ros2_aruco_interfaces_s.ep.rosidl_typesupport_fastrtps_c.c.o[0m
[5.845s] [ 93%] [32m[1mLinking C shared library rosidl_generator_py/ros2_aruco_interfaces/ros2_aruco_interfaces_s__rosidl_typesupport_introspection_c.cpython-38-x86_64-linux-gnu.so[0m
[5.868s] [ 96%] [32m[1mLinking C shared library rosidl_generator_py/ros2_aruco_interfaces/ros2_aruco_interfaces_s__rosidl_typesupport_c.cpython-38-x86_64-linux-gnu.so[0m
[5.920s] [100%] [32m[1mLinking CXX shared library rosidl_generator_py/ros2_aruco_interfaces/ros2_aruco_interfaces_s__rosidl_typesupport_fastrtps_c.cpython-38-x86_64-linux-gnu.so[0m
[5.921s] [100%] Built target ros2_aruco_interfaces__rosidl_typesupport_c__pyext
[5.928s] [100%] Built target ros2_aruco_interfaces__rosidl_typesupport_introspection_c__pyext
[6.002s] [100%] Built target ros2_aruco_interfaces__rosidl_typesupport_fastrtps_c__pyext
[6.016s] Invoked command in '/home/sj/Desktop/Robotics_yo/809Y/Move-the-turtlebot3-through-the-maze-as-per-the-ID-on-the-aruco-marker./turtlebot3_ws/build/ros2_aruco_interfaces' returned '0': CMAKE_PREFIX_PATH=/opt/ros/galactic /usr/bin/cmake --build /home/sj/Desktop/Robotics_yo/809Y/Move-the-turtlebot3-through-the-maze-as-per-the-ID-on-the-aruco-marker./turtlebot3_ws/build/ros2_aruco_interfaces -- -j12 -l12
[6.106s] Invoking command in '/home/sj/Desktop/Robotics_yo/809Y/Move-the-turtlebot3-through-the-maze-as-per-the-ID-on-the-aruco-marker./turtlebot3_ws/build/ros2_aruco_interfaces': CMAKE_PREFIX_PATH=/opt/ros/galactic /usr/bin/cmake --install /home/sj/Desktop/Robotics_yo/809Y/Move-the-turtlebot3-through-the-maze-as-per-the-ID-on-the-aruco-marker./turtlebot3_ws/build/ros2_aruco_interfaces
[6.116s] -- Install configuration: ""
[6.117s] -- Installing: /home/sj/Desktop/Robotics_yo/809Y/Move-the-turtlebot3-through-the-maze-as-per-the-ID-on-the-aruco-marker./turtlebot3_ws/install/ros2_aruco_interfaces/share/ament_index/resource_index/rosidl_interfaces/ros2_aruco_interfaces
[6.119s] -- Installing: /home/sj/Desktop/Robotics_yo/809Y/Move-the-turtlebot3-through-the-maze-as-per-the-ID-on-the-aruco-marker./turtlebot3_ws/install/ros2_aruco_interfaces/include/ros2_aruco_interfaces
[6.120s] -- Installing: /home/sj/Desktop/Robotics_yo/809Y/Move-the-turtlebot3-through-the-maze-as-per-the-ID-on-the-aruco-marker./turtlebot3_ws/install/ros2_aruco_interfaces/include/ros2_aruco_interfaces/msg
[6.121s] -- Installing: /home/sj/Desktop/Robotics_yo/809Y/Move-the-turtlebot3-through-the-maze-as-per-the-ID-on-the-aruco-marker./turtlebot3_ws/install/ros2_aruco_interfaces/include/ros2_aruco_interfaces/msg/aruco_markers.h
[6.123s] -- Installing: /home/sj/Desktop/Robotics_yo/809Y/Move-the-turtlebot3-through-the-maze-as-per-the-ID-on-the-aruco-marker./turtlebot3_ws/install/ros2_aruco_interfaces/include/ros2_aruco_interfaces/msg/rosidl_generator_c__visibility_control.h
[6.125s] -- Installing: /home/sj/Desktop/Robotics_yo/809Y/Move-the-turtlebot3-through-the-maze-as-per-the-ID-on-the-aruco-marker./turtlebot3_ws/install/ros2_aruco_interfaces/include/ros2_aruco_interfaces/msg/detail
[6.125s] -- Installing: /home/sj/Desktop/Robotics_yo/809Y/Move-the-turtlebot3-through-the-maze-as-per-the-ID-on-the-aruco-marker./turtlebot3_ws/install/ros2_aruco_interfaces/include/ros2_aruco_interfaces/msg/detail/aruco_markers__functions.c
[6.126s] -- Installing: /home/sj/Desktop/Robotics_yo/809Y/Move-the-turtlebot3-through-the-maze-as-per-the-ID-on-the-aruco-marker./turtlebot3_ws/install/ros2_aruco_interfaces/include/ros2_aruco_interfaces/msg/detail/aruco_markers__struct.h
[6.126s] -- Installing: /home/sj/Desktop/Robotics_yo/809Y/Move-the-turtlebot3-through-the-maze-as-per-the-ID-on-the-aruco-marker./turtlebot3_ws/install/ros2_aruco_interfaces/include/ros2_aruco_interfaces/msg/detail/aruco_markers__functions.h
[6.126s] -- Installing: /home/sj/Desktop/Robotics_yo/809Y/Move-the-turtlebot3-through-the-maze-as-per-the-ID-on-the-aruco-marker./turtlebot3_ws/install/ros2_aruco_interfaces/include/ros2_aruco_interfaces/msg/detail/aruco_markers__type_support.h
[6.126s] -- Installing: /home/sj/Desktop/Robotics_yo/809Y/Move-the-turtlebot3-through-the-maze-as-per-the-ID-on-the-aruco-marker./turtlebot3_ws/install/ros2_aruco_interfaces/share/ros2_aruco_interfaces/environment/library_path.sh
[6.126s] -- Installing: /home/sj/Desktop/Robotics_yo/809Y/Move-the-turtlebot3-through-the-maze-as-per-the-ID-on-the-aruco-marker./turtlebot3_ws/install/ros2_aruco_interfaces/share/ros2_aruco_interfaces/environment/library_path.dsv
[6.126s] -- Installing: /home/sj/Desktop/Robotics_yo/809Y/Move-the-turtlebot3-through-the-maze-as-per-the-ID-on-the-aruco-marker./turtlebot3_ws/install/ros2_aruco_interfaces/lib/libros2_aruco_interfaces__rosidl_generator_c.so
[6.127s] -- Set runtime path of "/home/sj/Desktop/Robotics_yo/809Y/Move-the-turtlebot3-through-the-maze-as-per-the-ID-on-the-aruco-marker./turtlebot3_ws/install/ros2_aruco_interfaces/lib/libros2_aruco_interfaces__rosidl_generator_c.so" to ""
[6.127s] -- Up-to-date: /home/sj/Desktop/Robotics_yo/809Y/Move-the-turtlebot3-through-the-maze-as-per-the-ID-on-the-aruco-marker./turtlebot3_ws/install/ros2_aruco_interfaces/include/ros2_aruco_interfaces
[6.127s] -- Up-to-date: /home/sj/Desktop/Robotics_yo/809Y/Move-the-turtlebot3-through-the-maze-as-per-the-ID-on-the-aruco-marker./turtlebot3_ws/install/ros2_aruco_interfaces/include/ros2_aruco_interfaces/msg
[6.127s] -- Installing: /home/sj/Desktop/Robotics_yo/809Y/Move-the-turtlebot3-through-the-maze-as-per-the-ID-on-the-aruco-marker./turtlebot3_ws/install/ros2_aruco_interfaces/include/ros2_aruco_interfaces/msg/rosidl_typesupport_fastrtps_c__visibility_control.h
[6.127s] -- Up-to-date: /home/sj/Desktop/Robotics_yo/809Y/Move-the-turtlebot3-through-the-maze-as-per-the-ID-on-the-aruco-marker./turtlebot3_ws/install/ros2_aruco_interfaces/include/ros2_aruco_interfaces/msg/detail
[6.127s] -- Installing: /home/sj/Desktop/Robotics_yo/809Y/Move-the-turtlebot3-through-the-maze-as-per-the-ID-on-the-aruco-marker./turtlebot3_ws/install/ros2_aruco_interfaces/include/ros2_aruco_interfaces/msg/detail/aruco_markers__rosidl_typesupport_fastrtps_c.h
[6.127s] -- Installing: /home/sj/Desktop/Robotics_yo/809Y/Move-the-turtlebot3-through-the-maze-as-per-the-ID-on-the-aruco-marker./turtlebot3_ws/install/ros2_aruco_interfaces/lib/libros2_aruco_interfaces__rosidl_typesupport_fastrtps_c.so
[6.127s] -- Set runtime path of "/home/sj/Desktop/Robotics_yo/809Y/Move-the-turtlebot3-through-the-maze-as-per-the-ID-on-the-aruco-marker./turtlebot3_ws/install/ros2_aruco_interfaces/lib/libros2_aruco_interfaces__rosidl_typesupport_fastrtps_c.so" to ""
[6.127s] -- Up-to-date: /home/sj/Desktop/Robotics_yo/809Y/Move-the-turtlebot3-through-the-maze-as-per-the-ID-on-the-aruco-marker./turtlebot3_ws/install/ros2_aruco_interfaces/include/ros2_aruco_interfaces
[6.127s] -- Up-to-date: /home/sj/Desktop/Robotics_yo/809Y/Move-the-turtlebot3-through-the-maze-as-per-the-ID-on-the-aruco-marker./turtlebot3_ws/install/ros2_aruco_interfaces/include/ros2_aruco_interfaces/msg
[6.128s] -- Installing: /home/sj/Desktop/Robotics_yo/809Y/Move-the-turtlebot3-through-the-maze-as-per-the-ID-on-the-aruco-marker./turtlebot3_ws/install/ros2_aruco_interfaces/include/ros2_aruco_interfaces/msg/rosidl_typesupport_fastrtps_cpp__visibility_control.h
[6.128s] -- Up-to-date: /home/sj/Desktop/Robotics_yo/809Y/Move-the-turtlebot3-through-the-maze-as-per-the-ID-on-the-aruco-marker./turtlebot3_ws/install/ros2_aruco_interfaces/include/ros2_aruco_interfaces/msg/detail
[6.128s] -- Installing: /home/sj/Desktop/Robotics_yo/809Y/Move-the-turtlebot3-through-the-maze-as-per-the-ID-on-the-aruco-marker./turtlebot3_ws/install/ros2_aruco_interfaces/include/ros2_aruco_interfaces/msg/detail/aruco_markers__rosidl_typesupport_fastrtps_cpp.hpp
[6.128s] -- Installing: /home/sj/Desktop/Robotics_yo/809Y/Move-the-turtlebot3-through-the-maze-as-per-the-ID-on-the-aruco-marker./turtlebot3_ws/install/ros2_aruco_interfaces/include/ros2_aruco_interfaces/msg/detail/dds_fastrtps
[6.128s] -- Installing: /home/sj/Desktop/Robotics_yo/809Y/Move-the-turtlebot3-through-the-maze-as-per-the-ID-on-the-aruco-marker./turtlebot3_ws/install/ros2_aruco_interfaces/lib/libros2_aruco_interfaces__rosidl_typesupport_fastrtps_cpp.so
[6.128s] -- Set runtime path of "/home/sj/Desktop/Robotics_yo/809Y/Move-the-turtlebot3-through-the-maze-as-per-the-ID-on-the-aruco-marker./turtlebot3_ws/install/ros2_aruco_interfaces/lib/libros2_aruco_interfaces__rosidl_typesupport_fastrtps_cpp.so" to ""
[6.128s] -- Up-to-date: /home/sj/Desktop/Robotics_yo/809Y/Move-the-turtlebot3-through-the-maze-as-per-the-ID-on-the-aruco-marker./turtlebot3_ws/install/ros2_aruco_interfaces/include/ros2_aruco_interfaces
[6.128s] -- Up-to-date: /home/sj/Desktop/Robotics_yo/809Y/Move-the-turtlebot3-through-the-maze-as-per-the-ID-on-the-aruco-marker./turtlebot3_ws/install/ros2_aruco_interfaces/include/ros2_aruco_interfaces/msg
[6.128s] -- Installing: /home/sj/Desktop/Robotics_yo/809Y/Move-the-turtlebot3-through-the-maze-as-per-the-ID-on-the-aruco-marker./turtlebot3_ws/install/ros2_aruco_interfaces/include/ros2_aruco_interfaces/msg/rosidl_typesupport_introspection_c__visibility_control.h
[6.130s] -- Up-to-date: /home/sj/Desktop/Robotics_yo/809Y/Move-the-turtlebot3-through-the-maze-as-per-the-ID-on-the-aruco-marker./turtlebot3_ws/install/ros2_aruco_interfaces/include/ros2_aruco_interfaces/msg/detail
[6.130s] -- Installing: /home/sj/Desktop/Robotics_yo/809Y/Move-the-turtlebot3-through-the-maze-as-per-the-ID-on-the-aruco-marker./turtlebot3_ws/install/ros2_aruco_interfaces/include/ros2_aruco_interfaces/msg/detail/aruco_markers__rosidl_typesupport_introspection_c.h
[6.130s] -- Installing: /home/sj/Desktop/Robotics_yo/809Y/Move-the-turtlebot3-through-the-maze-as-per-the-ID-on-the-aruco-marker./turtlebot3_ws/install/ros2_aruco_interfaces/include/ros2_aruco_interfaces/msg/detail/aruco_markers__type_support.c
[6.130s] -- Installing: /home/sj/Desktop/Robotics_yo/809Y/Move-the-turtlebot3-through-the-maze-as-per-the-ID-on-the-aruco-marker./turtlebot3_ws/install/ros2_aruco_interfaces/lib/libros2_aruco_interfaces__rosidl_typesupport_introspection_c.so
[6.130s] -- Set runtime path of "/home/sj/Desktop/Robotics_yo/809Y/Move-the-turtlebot3-through-the-maze-as-per-the-ID-on-the-aruco-marker./turtlebot3_ws/install/ros2_aruco_interfaces/lib/libros2_aruco_interfaces__rosidl_typesupport_introspection_c.so" to ""
[6.130s] -- Installing: /home/sj/Desktop/Robotics_yo/809Y/Move-the-turtlebot3-through-the-maze-as-per-the-ID-on-the-aruco-marker./turtlebot3_ws/install/ros2_aruco_interfaces/lib/libros2_aruco_interfaces__rosidl_typesupport_c.so
[6.131s] -- Set runtime path of "/home/sj/Desktop/Robotics_yo/809Y/Move-the-turtlebot3-through-the-maze-as-per-the-ID-on-the-aruco-marker./turtlebot3_ws/install/ros2_aruco_interfaces/lib/libros2_aruco_interfaces__rosidl_typesupport_c.so" to ""
[6.131s] -- Up-to-date: /home/sj/Desktop/Robotics_yo/809Y/Move-the-turtlebot3-through-the-maze-as-per-the-ID-on-the-aruco-marker./turtlebot3_ws/install/ros2_aruco_interfaces/include/ros2_aruco_interfaces
[6.131s] -- Up-to-date: /home/sj/Desktop/Robotics_yo/809Y/Move-the-turtlebot3-through-the-maze-as-per-the-ID-on-the-aruco-marker./turtlebot3_ws/install/ros2_aruco_interfaces/include/ros2_aruco_interfaces/msg
[6.131s] -- Installing: /home/sj/Desktop/Robotics_yo/809Y/Move-the-turtlebot3-through-the-maze-as-per-the-ID-on-the-aruco-marker./turtlebot3_ws/install/ros2_aruco_interfaces/include/ros2_aruco_interfaces/msg/aruco_markers.hpp
[6.131s] -- Up-to-date: /home/sj/Desktop/Robotics_yo/809Y/Move-the-turtlebot3-through-the-maze-as-per-the-ID-on-the-aruco-marker./turtlebot3_ws/install/ros2_aruco_interfaces/include/ros2_aruco_interfaces/msg/detail
[6.131s] -- Installing: /home/sj/Desktop/Robotics_yo/809Y/Move-the-turtlebot3-through-the-maze-as-per-the-ID-on-the-aruco-marker./turtlebot3_ws/install/ros2_aruco_interfaces/include/ros2_aruco_interfaces/msg/detail/aruco_markers__builder.hpp
[6.131s] -- Installing: /home/sj/Desktop/Robotics_yo/809Y/Move-the-turtlebot3-through-the-maze-as-per-the-ID-on-the-aruco-marker./turtlebot3_ws/install/ros2_aruco_interfaces/include/ros2_aruco_interfaces/msg/detail/aruco_markers__traits.hpp
[6.131s] -- Installing: /home/sj/Desktop/Robotics_yo/809Y/Move-the-turtlebot3-through-the-maze-as-per-the-ID-on-the-aruco-marker./turtlebot3_ws/install/ros2_aruco_interfaces/include/ros2_aruco_interfaces/msg/detail/aruco_markers__struct.hpp
[6.131s] -- Up-to-date: /home/sj/Desktop/Robotics_yo/809Y/Move-the-turtlebot3-through-the-maze-as-per-the-ID-on-the-aruco-marker./turtlebot3_ws/install/ros2_aruco_interfaces/include/ros2_aruco_interfaces
[6.131s] -- Up-to-date: /home/sj/Desktop/Robotics_yo/809Y/Move-the-turtlebot3-through-the-maze-as-per-the-ID-on-the-aruco-marker./turtlebot3_ws/install/ros2_aruco_interfaces/include/ros2_aruco_interfaces/msg
[6.131s] -- Up-to-date: /home/sj/Desktop/Robotics_yo/809Y/Move-the-turtlebot3-through-the-maze-as-per-the-ID-on-the-aruco-marker./turtlebot3_ws/install/ros2_aruco_interfaces/include/ros2_aruco_interfaces/msg/detail
[6.132s] -- Installing: /home/sj/Desktop/Robotics_yo/809Y/Move-the-turtlebot3-through-the-maze-as-per-the-ID-on-the-aruco-marker./turtlebot3_ws/install/ros2_aruco_interfaces/include/ros2_aruco_interfaces/msg/detail/aruco_markers__rosidl_typesupport_introspection_cpp.hpp
[6.132s] -- Installing: /home/sj/Desktop/Robotics_yo/809Y/Move-the-turtlebot3-through-the-maze-as-per-the-ID-on-the-aruco-marker./turtlebot3_ws/install/ros2_aruco_interfaces/include/ros2_aruco_interfaces/msg/detail/aruco_markers__type_support.cpp
[6.132s] -- Installing: /home/sj/Desktop/Robotics_yo/809Y/Move-the-turtlebot3-through-the-maze-as-per-the-ID-on-the-aruco-marker./turtlebot3_ws/install/ros2_aruco_interfaces/lib/libros2_aruco_interfaces__rosidl_typesupport_introspection_cpp.so
[6.132s] -- Set runtime path of "/home/sj/Desktop/Robotics_yo/809Y/Move-the-turtlebot3-through-the-maze-as-per-the-ID-on-the-aruco-marker./turtlebot3_ws/install/ros2_aruco_interfaces/lib/libros2_aruco_interfaces__rosidl_typesupport_introspection_cpp.so" to ""
[6.132s] -- Installing: /home/sj/Desktop/Robotics_yo/809Y/Move-the-turtlebot3-through-the-maze-as-per-the-ID-on-the-aruco-marker./turtlebot3_ws/install/ros2_aruco_interfaces/lib/libros2_aruco_interfaces__rosidl_typesupport_cpp.so
[6.132s] -- Set runtime path of "/home/sj/Desktop/Robotics_yo/809Y/Move-the-turtlebot3-through-the-maze-as-per-the-ID-on-the-aruco-marker./turtlebot3_ws/install/ros2_aruco_interfaces/lib/libros2_aruco_interfaces__rosidl_typesupport_cpp.so" to ""
[6.132s] -- Installing: /home/sj/Desktop/Robotics_yo/809Y/Move-the-turtlebot3-through-the-maze-as-per-the-ID-on-the-aruco-marker./turtlebot3_ws/install/ros2_aruco_interfaces/share/ros2_aruco_interfaces/environment/pythonpath.sh
[6.132s] -- Installing: /home/sj/Desktop/Robotics_yo/809Y/Move-the-turtlebot3-through-the-maze-as-per-the-ID-on-the-aruco-marker./turtlebot3_ws/install/ros2_aruco_interfaces/share/ros2_aruco_interfaces/environment/pythonpath.dsv
[6.132s] -- Installing: /home/sj/Desktop/Robotics_yo/809Y/Move-the-turtlebot3-through-the-maze-as-per-the-ID-on-the-aruco-marker./turtlebot3_ws/install/ros2_aruco_interfaces/lib/python3.8/site-packages/ros2_aruco_interfaces/__init__.py
[6.178s] Compiling '/home/sj/Desktop/Robotics_yo/809Y/Move-the-turtlebot3-through-the-maze-as-per-the-ID-on-the-aruco-marker./turtlebot3_ws/install/ros2_aruco_interfaces/lib/python3.8/site-packages/ros2_aruco_interfaces/__init__.py'...
[6.203s] -- Installing: /home/sj/Desktop/Robotics_yo/809Y/Move-the-turtlebot3-through-the-maze-as-per-the-ID-on-the-aruco-marker./turtlebot3_ws/install/ros2_aruco_interfaces/lib/python3.8/site-packages/ros2_aruco_interfaces/msg
[6.203s] -- Installing: /home/sj/Desktop/Robotics_yo/809Y/Move-the-turtlebot3-through-the-maze-as-per-the-ID-on-the-aruco-marker./turtlebot3_ws/install/ros2_aruco_interfaces/lib/python3.8/site-packages/ros2_aruco_interfaces/msg/_aruco_markers.py
[6.203s] -- Installing: /home/sj/Desktop/Robotics_yo/809Y/Move-the-turtlebot3-through-the-maze-as-per-the-ID-on-the-aruco-marker./turtlebot3_ws/install/ros2_aruco_interfaces/lib/python3.8/site-packages/ros2_aruco_interfaces/msg/__init__.py
[6.204s] -- Installing: /home/sj/Desktop/Robotics_yo/809Y/Move-the-turtlebot3-through-the-maze-as-per-the-ID-on-the-aruco-marker./turtlebot3_ws/install/ros2_aruco_interfaces/lib/python3.8/site-packages/ros2_aruco_interfaces/msg/_aruco_markers_s.c
[6.204s] -- Installing: /home/sj/Desktop/Robotics_yo/809Y/Move-the-turtlebot3-through-the-maze-as-per-the-ID-on-the-aruco-marker./turtlebot3_ws/install/ros2_aruco_interfaces/lib/python3.8/site-packages/ros2_aruco_interfaces/ros2_aruco_interfaces_s__rosidl_typesupport_fastrtps_c.cpython-38-x86_64-linux-gnu.so
[6.204s] -- Set runtime path of "/home/sj/Desktop/Robotics_yo/809Y/Move-the-turtlebot3-through-the-maze-as-per-the-ID-on-the-aruco-marker./turtlebot3_ws/install/ros2_aruco_interfaces/lib/python3.8/site-packages/ros2_aruco_interfaces/ros2_aruco_interfaces_s__rosidl_typesupport_fastrtps_c.cpython-38-x86_64-linux-gnu.so" to ""
[6.204s] -- Installing: /home/sj/Desktop/Robotics_yo/809Y/Move-the-turtlebot3-through-the-maze-as-per-the-ID-on-the-aruco-marker./turtlebot3_ws/install/ros2_aruco_interfaces/lib/python3.8/site-packages/ros2_aruco_interfaces/ros2_aruco_interfaces_s__rosidl_typesupport_introspection_c.cpython-38-x86_64-linux-gnu.so
[6.205s] -- Set runtime path of "/home/sj/Desktop/Robotics_yo/809Y/Move-the-turtlebot3-through-the-maze-as-per-the-ID-on-the-aruco-marker./turtlebot3_ws/install/ros2_aruco_interfaces/lib/python3.8/site-packages/ros2_aruco_interfaces/ros2_aruco_interfaces_s__rosidl_typesupport_introspection_c.cpython-38-x86_64-linux-gnu.so" to ""
[6.205s] -- Installing: /home/sj/Desktop/Robotics_yo/809Y/Move-the-turtlebot3-through-the-maze-as-per-the-ID-on-the-aruco-marker./turtlebot3_ws/install/ros2_aruco_interfaces/lib/python3.8/site-packages/ros2_aruco_interfaces/ros2_aruco_interfaces_s__rosidl_typesupport_c.cpython-38-x86_64-linux-gnu.so
[6.206s] -- Set runtime path of "/home/sj/Desktop/Robotics_yo/809Y/Move-the-turtlebot3-through-the-maze-as-per-the-ID-on-the-aruco-marker./turtlebot3_ws/install/ros2_aruco_interfaces/lib/python3.8/site-packages/ros2_aruco_interfaces/ros2_aruco_interfaces_s__rosidl_typesupport_c.cpython-38-x86_64-linux-gnu.so" to ""
[6.206s] -- Installing: /home/sj/Desktop/Robotics_yo/809Y/Move-the-turtlebot3-through-the-maze-as-per-the-ID-on-the-aruco-marker./turtlebot3_ws/install/ros2_aruco_interfaces/lib/libros2_aruco_interfaces__python.so
[6.206s] -- Set runtime path of "/home/sj/Desktop/Robotics_yo/809Y/Move-the-turtlebot3-through-the-maze-as-per-the-ID-on-the-aruco-marker./turtlebot3_ws/install/ros2_aruco_interfaces/lib/libros2_aruco_interfaces__python.so" to ""
[6.206s] -- Installing: /home/sj/Desktop/Robotics_yo/809Y/Move-the-turtlebot3-through-the-maze-as-per-the-ID-on-the-aruco-marker./turtlebot3_ws/install/ros2_aruco_interfaces/share/ros2_aruco_interfaces/msg/ArucoMarkers.idl
[6.206s] -- Installing: /home/sj/Desktop/Robotics_yo/809Y/Move-the-turtlebot3-through-the-maze-as-per-the-ID-on-the-aruco-marker./turtlebot3_ws/install/ros2_aruco_interfaces/share/ros2_aruco_interfaces/msg/ArucoMarkers.msg
[6.206s] -- Installing: /home/sj/Desktop/Robotics_yo/809Y/Move-the-turtlebot3-through-the-maze-as-per-the-ID-on-the-aruco-marker./turtlebot3_ws/install/ros2_aruco_interfaces/share/ament_index/resource_index/package_run_dependencies/ros2_aruco_interfaces
[6.207s] -- Installing: /home/sj/Desktop/Robotics_yo/809Y/Move-the-turtlebot3-through-the-maze-as-per-the-ID-on-the-aruco-marker./turtlebot3_ws/install/ros2_aruco_interfaces/share/ament_index/resource_index/parent_prefix_path/ros2_aruco_interfaces
[6.207s] -- Installing: /home/sj/Desktop/Robotics_yo/809Y/Move-the-turtlebot3-through-the-maze-as-per-the-ID-on-the-aruco-marker./turtlebot3_ws/install/ros2_aruco_interfaces/share/ros2_aruco_interfaces/environment/ament_prefix_path.sh
[6.207s] -- Installing: /home/sj/Desktop/Robotics_yo/809Y/Move-the-turtlebot3-through-the-maze-as-per-the-ID-on-the-aruco-marker./turtlebot3_ws/install/ros2_aruco_interfaces/share/ros2_aruco_interfaces/environment/ament_prefix_path.dsv
[6.207s] -- Installing: /home/sj/Desktop/Robotics_yo/809Y/Move-the-turtlebot3-through-the-maze-as-per-the-ID-on-the-aruco-marker./turtlebot3_ws/install/ros2_aruco_interfaces/share/ros2_aruco_interfaces/environment/path.sh
[6.207s] -- Installing: /home/sj/Desktop/Robotics_yo/809Y/Move-the-turtlebot3-through-the-maze-as-per-the-ID-on-the-aruco-marker./turtlebot3_ws/install/ros2_aruco_interfaces/share/ros2_aruco_interfaces/environment/path.dsv
[6.207s] -- Installing: /home/sj/Desktop/Robotics_yo/809Y/Move-the-turtlebot3-through-the-maze-as-per-the-ID-on-the-aruco-marker./turtlebot3_ws/install/ros2_aruco_interfaces/share/ros2_aruco_interfaces/local_setup.bash
[6.207s] -- Installing: /home/sj/Desktop/Robotics_yo/809Y/Move-the-turtlebot3-through-the-maze-as-per-the-ID-on-the-aruco-marker./turtlebot3_ws/install/ros2_aruco_interfaces/share/ros2_aruco_interfaces/local_setup.sh
[6.208s] -- Installing: /home/sj/Desktop/Robotics_yo/809Y/Move-the-turtlebot3-through-the-maze-as-per-the-ID-on-the-aruco-marker./turtlebot3_ws/install/ros2_aruco_interfaces/share/ros2_aruco_interfaces/local_setup.zsh
[6.208s] -- Installing: /home/sj/Desktop/Robotics_yo/809Y/Move-the-turtlebot3-through-the-maze-as-per-the-ID-on-the-aruco-marker./turtlebot3_ws/install/ros2_aruco_interfaces/share/ros2_aruco_interfaces/local_setup.dsv
[6.208s] -- Installing: /home/sj/Desktop/Robotics_yo/809Y/Move-the-turtlebot3-through-the-maze-as-per-the-ID-on-the-aruco-marker./turtlebot3_ws/install/ros2_aruco_interfaces/share/ros2_aruco_interfaces/package.dsv
[6.208s] -- Installing: /home/sj/Desktop/Robotics_yo/809Y/Move-the-turtlebot3-through-the-maze-as-per-the-ID-on-the-aruco-marker./turtlebot3_ws/install/ros2_aruco_interfaces/share/ament_index/resource_index/packages/ros2_aruco_interfaces
[6.208s] -- Installing: /home/sj/Desktop/Robotics_yo/809Y/Move-the-turtlebot3-through-the-maze-as-per-the-ID-on-the-aruco-marker./turtlebot3_ws/install/ros2_aruco_interfaces/share/ros2_aruco_interfaces/cmake/ros2_aruco_interfaces__rosidl_generator_cExport.cmake
[6.208s] -- Installing: /home/sj/Desktop/Robotics_yo/809Y/Move-the-turtlebot3-through-the-maze-as-per-the-ID-on-the-aruco-marker./turtlebot3_ws/install/ros2_aruco_interfaces/share/ros2_aruco_interfaces/cmake/ros2_aruco_interfaces__rosidl_generator_cExport-noconfig.cmake
[6.208s] -- Installing: /home/sj/Desktop/Robotics_yo/809Y/Move-the-turtlebot3-through-the-maze-as-per-the-ID-on-the-aruco-marker./turtlebot3_ws/install/ros2_aruco_interfaces/share/ros2_aruco_interfaces/cmake/ros2_aruco_interfaces__rosidl_typesupport_introspection_cExport.cmake
[6.208s] -- Installing: /home/sj/Desktop/Robotics_yo/809Y/Move-the-turtlebot3-through-the-maze-as-per-the-ID-on-the-aruco-marker./turtlebot3_ws/install/ros2_aruco_interfaces/share/ros2_aruco_interfaces/cmake/ros2_aruco_interfaces__rosidl_typesupport_introspection_cExport-noconfig.cmake
[6.209s] -- Installing: /home/sj/Desktop/Robotics_yo/809Y/Move-the-turtlebot3-through-the-maze-as-per-the-ID-on-the-aruco-marker./turtlebot3_ws/install/ros2_aruco_interfaces/share/ros2_aruco_interfaces/cmake/ros2_aruco_interfaces__rosidl_typesupport_cExport.cmake
[6.209s] -- Installing: /home/sj/Desktop/Robotics_yo/809Y/Move-the-turtlebot3-through-the-maze-as-per-the-ID-on-the-aruco-marker./turtlebot3_ws/install/ros2_aruco_interfaces/share/ros2_aruco_interfaces/cmake/ros2_aruco_interfaces__rosidl_typesupport_cExport-noconfig.cmake
[6.209s] -- Installing: /home/sj/Desktop/Robotics_yo/809Y/Move-the-turtlebot3-through-the-maze-as-per-the-ID-on-the-aruco-marker./turtlebot3_ws/install/ros2_aruco_interfaces/share/ros2_aruco_interfaces/cmake/ros2_aruco_interfaces__rosidl_generator_cppExport.cmake
[6.209s] -- Installing: /home/sj/Desktop/Robotics_yo/809Y/Move-the-turtlebot3-through-the-maze-as-per-the-ID-on-the-aruco-marker./turtlebot3_ws/install/ros2_aruco_interfaces/share/ros2_aruco_interfaces/cmake/ros2_aruco_interfaces__rosidl_typesupport_introspection_cppExport.cmake
[6.209s] -- Installing: /home/sj/Desktop/Robotics_yo/809Y/Move-the-turtlebot3-through-the-maze-as-per-the-ID-on-the-aruco-marker./turtlebot3_ws/install/ros2_aruco_interfaces/share/ros2_aruco_interfaces/cmake/ros2_aruco_interfaces__rosidl_typesupport_introspection_cppExport-noconfig.cmake
[6.209s] -- Installing: /home/sj/Desktop/Robotics_yo/809Y/Move-the-turtlebot3-through-the-maze-as-per-the-ID-on-the-aruco-marker./turtlebot3_ws/install/ros2_aruco_interfaces/share/ros2_aruco_interfaces/cmake/ros2_aruco_interfaces__rosidl_typesupport_cppExport.cmake
[6.210s] -- Installing: /home/sj/Desktop/Robotics_yo/809Y/Move-the-turtlebot3-through-the-maze-as-per-the-ID-on-the-aruco-marker./turtlebot3_ws/install/ros2_aruco_interfaces/share/ros2_aruco_interfaces/cmake/ros2_aruco_interfaces__rosidl_typesupport_cppExport-noconfig.cmake
[6.210s] -- Installing: /home/sj/Desktop/Robotics_yo/809Y/Move-the-turtlebot3-through-the-maze-as-per-the-ID-on-the-aruco-marker./turtlebot3_ws/install/ros2_aruco_interfaces/share/ros2_aruco_interfaces/cmake/rosidl_cmake-extras.cmake
[6.210s] -- Installing: /home/sj/Desktop/Robotics_yo/809Y/Move-the-turtlebot3-through-the-maze-as-per-the-ID-on-the-aruco-marker./turtlebot3_ws/install/ros2_aruco_interfaces/share/ros2_aruco_interfaces/cmake/ament_cmake_export_dependencies-extras.cmake
[6.210s] -- Installing: /home/sj/Desktop/Robotics_yo/809Y/Move-the-turtlebot3-through-the-maze-as-per-the-ID-on-the-aruco-marker./turtlebot3_ws/install/ros2_aruco_interfaces/share/ros2_aruco_interfaces/cmake/ament_cmake_export_libraries-extras.cmake
[6.210s] -- Installing: /home/sj/Desktop/Robotics_yo/809Y/Move-the-turtlebot3-through-the-maze-as-per-the-ID-on-the-aruco-marker./turtlebot3_ws/install/ros2_aruco_interfaces/share/ros2_aruco_interfaces/cmake/ament_cmake_export_targets-extras.cmake
[6.210s] -- Installing: /home/sj/Desktop/Robotics_yo/809Y/Move-the-turtlebot3-through-the-maze-as-per-the-ID-on-the-aruco-marker./turtlebot3_ws/install/ros2_aruco_interfaces/share/ros2_aruco_interfaces/cmake/ament_cmake_export_include_directories-extras.cmake
[6.210s] -- Installing: /home/sj/Desktop/Robotics_yo/809Y/Move-the-turtlebot3-through-the-maze-as-per-the-ID-on-the-aruco-marker./turtlebot3_ws/install/ros2_aruco_interfaces/share/ros2_aruco_interfaces/cmake/rosidl_cmake_export_typesupport_libraries-extras.cmake
[6.210s] -- Installing: /home/sj/Desktop/Robotics_yo/809Y/Move-the-turtlebot3-through-the-maze-as-per-the-ID-on-the-aruco-marker./turtlebot3_ws/install/ros2_aruco_interfaces/share/ros2_aruco_interfaces/cmake/rosidl_cmake_export_typesupport_targets-extras.cmake
[6.210s] -- Installing: /home/sj/Desktop/Robotics_yo/809Y/Move-the-turtlebot3-through-the-maze-as-per-the-ID-on-the-aruco-marker./turtlebot3_ws/install/ros2_aruco_interfaces/share/ros2_aruco_interfaces/cmake/ros2_aruco_interfacesConfig.cmake
[6.211s] -- Installing: /home/sj/Desktop/Robotics_yo/809Y/Move-the-turtlebot3-through-the-maze-as-per-the-ID-on-the-aruco-marker./turtlebot3_ws/install/ros2_aruco_interfaces/share/ros2_aruco_interfaces/cmake/ros2_aruco_interfacesConfig-version.cmake
[6.212s] -- Installing: /home/sj/Desktop/Robotics_yo/809Y/Move-the-turtlebot3-through-the-maze-as-per-the-ID-on-the-aruco-marker./turtlebot3_ws/install/ros2_aruco_interfaces/share/ros2_aruco_interfaces/package.xml
[6.215s] Invoked command in '/home/sj/Desktop/Robotics_yo/809Y/Move-the-turtlebot3-through-the-maze-as-per-the-ID-on-the-aruco-marker./turtlebot3_ws/build/ros2_aruco_interfaces' returned '0': CMAKE_PREFIX_PATH=/opt/ros/galactic /usr/bin/cmake --install /home/sj/Desktop/Robotics_yo/809Y/Move-the-turtlebot3-through-the-maze-as-per-the-ID-on-the-aruco-marker./turtlebot3_ws/build/ros2_aruco_interfaces
