[0.838s] Invoking command in '/home/sj/Desktop/Robotics_yo/809Y/Move-the-turtlebot3-through-the-maze-as-per-the-ID-on-the-aruco-marker./turtlebot3_ws/build/turtlebot3_fake_node': CMAKE_PREFIX_PATH=/opt/ros/galactic /usr/bin/cmake /home/sj/Desktop/Robotics_yo/809Y/Move-the-turtlebot3-through-the-maze-as-per-the-ID-on-the-aruco-marker./turtlebot3_ws/src/turtlebot3_simulations/turtlebot3_fake_node -DCMAKE_INSTALL_PREFIX=/home/sj/Desktop/Robotics_yo/809Y/Move-the-turtlebot3-through-the-maze-as-per-the-ID-on-the-aruco-marker./turtlebot3_ws/install/turtlebot3_fake_node
[1.418s] -- The C compiler identification is GNU 9.4.0
[1.418s] -- The CXX compiler identification is GNU 9.4.0
[1.418s] -- Check for working C compiler: /usr/bin/cc
[1.418s] -- Check for working C compiler: /usr/bin/cc -- works
[1.418s] -- Detecting C compiler ABI info
[1.418s] -- Detecting C compiler ABI info - done
[1.418s] -- Detecting C compile features
[1.418s] -- Detecting C compile features - done
[1.418s] -- Check for working CXX compiler: /usr/bin/c++
[1.418s] -- Check for working CXX compiler: /usr/bin/c++ -- works
[1.418s] -- Detecting CXX compiler ABI info
[1.418s] -- Detecting CXX compiler ABI info - done
[1.418s] -- Detecting CXX compile features
[1.418s] -- Detecting CXX compile features - done
[1.418s] -- Found ament_cmake: 1.1.6 (/opt/ros/galactic/share/ament_cmake/cmake)
[1.418s] -- Found PythonInterp: /usr/bin/python3 (found suitable version "3.8.10", minimum required is "3") 
[1.418s] -- Using PYTHON_EXECUTABLE: /usr/bin/python3
[1.418s] -- Found geometry_msgs: 2.2.4 (/opt/ros/galactic/share/geometry_msgs/cmake)
[1.418s] -- Using all available rosidl_typesupport_c: rosidl_typesupport_fastrtps_c;rosidl_typesupport_introspection_c
[1.418s] -- Found rosidl_adapter: 2.2.3 (/opt/ros/galactic/share/rosidl_adapter/cmake)
[1.418s] -- Found OpenSSL: /usr/lib/x86_64-linux-gnu/libcrypto.so (found version "1.1.1f")  
[1.434s] -- Found FastRTPS: /opt/ros/galactic/include  
[1.498s] -- Using all available rosidl_typesupport_cpp: rosidl_typesupport_fastrtps_cpp;rosidl_typesupport_introspection_cpp
[1.551s] -- Found nav_msgs: 2.2.4 (/opt/ros/galactic/share/nav_msgs/cmake)
[1.596s] -- Found rclcpp: 9.2.2 (/opt/ros/galactic/share/rclcpp/cmake)
[1.627s] -- Found rmw_implementation_cmake: 3.3.1 (/opt/ros/galactic/share/rmw_implementation_cmake/cmake)
[1.629s] -- Found rmw_cyclonedds_cpp: 0.22.6 (/opt/ros/galactic/share/rmw_cyclonedds_cpp/cmake)
[1.641s] -- Using RMW implementation 'rmw_cyclonedds_cpp' as default
[1.642s] -- Looking for pthread.h
[1.686s] -- Looking for pthread.h - found
[1.686s] -- Performing Test CMAKE_HAVE_LIBC_PTHREAD
[1.731s] -- Performing Test CMAKE_HAVE_LIBC_PTHREAD - Failed
[1.731s] -- Looking for pthread_create in pthreads
[1.766s] -- Looking for pthread_create in pthreads - not found
[1.766s] -- Looking for pthread_create in pthread
[1.808s] -- Looking for pthread_create in pthread - found
[1.809s] -- Found Threads: TRUE  
[1.991s] -- Found sensor_msgs: 2.2.4 (/opt/ros/galactic/share/sensor_msgs/cmake)
[2.087s] -- Found tf2: 0.17.5 (/opt/ros/galactic/share/tf2/cmake)
[2.101s] -- Found tf2_msgs: 0.17.5 (/opt/ros/galactic/share/tf2_msgs/cmake)
[2.245s] -- Found turtlebot3_msgs: 2.2.2 (/opt/ros/galactic/share/turtlebot3_msgs/cmake)
[2.352s] -- Configuring done
[2.366s] -- Generating done
[2.376s] -- Build files have been written to: /home/sj/Desktop/Robotics_yo/809Y/Move-the-turtlebot3-through-the-maze-as-per-the-ID-on-the-aruco-marker./turtlebot3_ws/build/turtlebot3_fake_node
[2.401s] Invoked command in '/home/sj/Desktop/Robotics_yo/809Y/Move-the-turtlebot3-through-the-maze-as-per-the-ID-on-the-aruco-marker./turtlebot3_ws/build/turtlebot3_fake_node' returned '0': CMAKE_PREFIX_PATH=/opt/ros/galactic /usr/bin/cmake /home/sj/Desktop/Robotics_yo/809Y/Move-the-turtlebot3-through-the-maze-as-per-the-ID-on-the-aruco-marker./turtlebot3_ws/src/turtlebot3_simulations/turtlebot3_fake_node -DCMAKE_INSTALL_PREFIX=/home/sj/Desktop/Robotics_yo/809Y/Move-the-turtlebot3-through-the-maze-as-per-the-ID-on-the-aruco-marker./turtlebot3_ws/install/turtlebot3_fake_node
[2.404s] Invoking command in '/home/sj/Desktop/Robotics_yo/809Y/Move-the-turtlebot3-through-the-maze-as-per-the-ID-on-the-aruco-marker./turtlebot3_ws/build/turtlebot3_fake_node': CMAKE_PREFIX_PATH=/opt/ros/galactic /usr/bin/cmake --build /home/sj/Desktop/Robotics_yo/809Y/Move-the-turtlebot3-through-the-maze-as-per-the-ID-on-the-aruco-marker./turtlebot3_ws/build/turtlebot3_fake_node -- -j12 -l12
[2.442s] [35m[1mScanning dependencies of target turtlebot3_fake_node[0m
[2.487s] [ 50%] [32mBuilding CXX object CMakeFiles/turtlebot3_fake_node.dir/src/turtlebot3_fake_node.cpp.o[0m
[12.510s] [100%] [32m[1mLinking CXX executable turtlebot3_fake_node[0m
[13.269s] [100%] Built target turtlebot3_fake_node
[13.286s] Invoked command in '/home/sj/Desktop/Robotics_yo/809Y/Move-the-turtlebot3-through-the-maze-as-per-the-ID-on-the-aruco-marker./turtlebot3_ws/build/turtlebot3_fake_node' returned '0': CMAKE_PREFIX_PATH=/opt/ros/galactic /usr/bin/cmake --build /home/sj/Desktop/Robotics_yo/809Y/Move-the-turtlebot3-through-the-maze-as-per-the-ID-on-the-aruco-marker./turtlebot3_ws/build/turtlebot3_fake_node -- -j12 -l12
[13.323s] Invoking command in '/home/sj/Desktop/Robotics_yo/809Y/Move-the-turtlebot3-through-the-maze-as-per-the-ID-on-the-aruco-marker./turtlebot3_ws/build/turtlebot3_fake_node': CMAKE_PREFIX_PATH=/opt/ros/galactic /usr/bin/cmake --install /home/sj/Desktop/Robotics_yo/809Y/Move-the-turtlebot3-through-the-maze-as-per-the-ID-on-the-aruco-marker./turtlebot3_ws/build/turtlebot3_fake_node
[13.333s] -- Install configuration: ""
[13.333s] -- Installing: /home/sj/Desktop/Robotics_yo/809Y/Move-the-turtlebot3-through-the-maze-as-per-the-ID-on-the-aruco-marker./turtlebot3_ws/install/turtlebot3_fake_node/lib/turtlebot3_fake_node/turtlebot3_fake_node
[13.336s] -- Set runtime path of "/home/sj/Desktop/Robotics_yo/809Y/Move-the-turtlebot3-through-the-maze-as-per-the-ID-on-the-aruco-marker./turtlebot3_ws/install/turtlebot3_fake_node/lib/turtlebot3_fake_node/turtlebot3_fake_node" to ""
[13.337s] -- Installing: /home/sj/Desktop/Robotics_yo/809Y/Move-the-turtlebot3-through-the-maze-as-per-the-ID-on-the-aruco-marker./turtlebot3_ws/install/turtlebot3_fake_node/share/turtlebot3_fake_node/launch
[13.337s] -- Installing: /home/sj/Desktop/Robotics_yo/809Y/Move-the-turtlebot3-through-the-maze-as-per-the-ID-on-the-aruco-marker./turtlebot3_ws/install/turtlebot3_fake_node/share/turtlebot3_fake_node/launch/rviz2.launch.py
[13.337s] -- Installing: /home/sj/Desktop/Robotics_yo/809Y/Move-the-turtlebot3-through-the-maze-as-per-the-ID-on-the-aruco-marker./turtlebot3_ws/install/turtlebot3_fake_node/share/turtlebot3_fake_node/launch/turtlebot3_fake_node.launch.py
[13.337s] -- Installing: /home/sj/Desktop/Robotics_yo/809Y/Move-the-turtlebot3-through-the-maze-as-per-the-ID-on-the-aruco-marker./turtlebot3_ws/install/turtlebot3_fake_node/share/turtlebot3_fake_node/param
[13.337s] -- Installing: /home/sj/Desktop/Robotics_yo/809Y/Move-the-turtlebot3-through-the-maze-as-per-the-ID-on-the-aruco-marker./turtlebot3_ws/install/turtlebot3_fake_node/share/turtlebot3_fake_node/param/waffle.yaml
[13.337s] -- Installing: /home/sj/Desktop/Robotics_yo/809Y/Move-the-turtlebot3-through-the-maze-as-per-the-ID-on-the-aruco-marker./turtlebot3_ws/install/turtlebot3_fake_node/share/turtlebot3_fake_node/param/waffle_pi.yaml
[13.337s] -- Installing: /home/sj/Desktop/Robotics_yo/809Y/Move-the-turtlebot3-through-the-maze-as-per-the-ID-on-the-aruco-marker./turtlebot3_ws/install/turtlebot3_fake_node/share/turtlebot3_fake_node/param/burger.yaml
[13.337s] -- Installing: /home/sj/Desktop/Robotics_yo/809Y/Move-the-turtlebot3-through-the-maze-as-per-the-ID-on-the-aruco-marker./turtlebot3_ws/install/turtlebot3_fake_node/include/
[13.337s] -- Installing: /home/sj/Desktop/Robotics_yo/809Y/Move-the-turtlebot3-through-the-maze-as-per-the-ID-on-the-aruco-marker./turtlebot3_ws/install/turtlebot3_fake_node/include//turtlebot3_fake_node
[13.337s] -- Installing: /home/sj/Desktop/Robotics_yo/809Y/Move-the-turtlebot3-through-the-maze-as-per-the-ID-on-the-aruco-marker./turtlebot3_ws/install/turtlebot3_fake_node/include//turtlebot3_fake_node/turtlebot3_fake_node.hpp
[13.338s] -- Installing: /home/sj/Desktop/Robotics_yo/809Y/Move-the-turtlebot3-through-the-maze-as-per-the-ID-on-the-aruco-marker./turtlebot3_ws/install/turtlebot3_fake_node/share/ament_index/resource_index/package_run_dependencies/turtlebot3_fake_node
[13.338s] -- Installing: /home/sj/Desktop/Robotics_yo/809Y/Move-the-turtlebot3-through-the-maze-as-per-the-ID-on-the-aruco-marker./turtlebot3_ws/install/turtlebot3_fake_node/share/ament_index/resource_index/parent_prefix_path/turtlebot3_fake_node
[13.338s] -- Installing: /home/sj/Desktop/Robotics_yo/809Y/Move-the-turtlebot3-through-the-maze-as-per-the-ID-on-the-aruco-marker./turtlebot3_ws/install/turtlebot3_fake_node/share/turtlebot3_fake_node/environment/ament_prefix_path.sh
[13.338s] -- Installing: /home/sj/Desktop/Robotics_yo/809Y/Move-the-turtlebot3-through-the-maze-as-per-the-ID-on-the-aruco-marker./turtlebot3_ws/install/turtlebot3_fake_node/share/turtlebot3_fake_node/environment/ament_prefix_path.dsv
[13.338s] -- Installing: /home/sj/Desktop/Robotics_yo/809Y/Move-the-turtlebot3-through-the-maze-as-per-the-ID-on-the-aruco-marker./turtlebot3_ws/install/turtlebot3_fake_node/share/turtlebot3_fake_node/environment/path.sh
[13.338s] -- Installing: /home/sj/Desktop/Robotics_yo/809Y/Move-the-turtlebot3-through-the-maze-as-per-the-ID-on-the-aruco-marker./turtlebot3_ws/install/turtlebot3_fake_node/share/turtlebot3_fake_node/environment/path.dsv
[13.338s] -- Installing: /home/sj/Desktop/Robotics_yo/809Y/Move-the-turtlebot3-through-the-maze-as-per-the-ID-on-the-aruco-marker./turtlebot3_ws/install/turtlebot3_fake_node/share/turtlebot3_fake_node/local_setup.bash
[13.338s] -- Installing: /home/sj/Desktop/Robotics_yo/809Y/Move-the-turtlebot3-through-the-maze-as-per-the-ID-on-the-aruco-marker./turtlebot3_ws/install/turtlebot3_fake_node/share/turtlebot3_fake_node/local_setup.sh
[13.338s] -- Installing: /home/sj/Desktop/Robotics_yo/809Y/Move-the-turtlebot3-through-the-maze-as-per-the-ID-on-the-aruco-marker./turtlebot3_ws/install/turtlebot3_fake_node/share/turtlebot3_fake_node/local_setup.zsh
[13.338s] -- Installing: /home/sj/Desktop/Robotics_yo/809Y/Move-the-turtlebot3-through-the-maze-as-per-the-ID-on-the-aruco-marker./turtlebot3_ws/install/turtlebot3_fake_node/share/turtlebot3_fake_node/local_setup.dsv
[13.339s] -- Installing: /home/sj/Desktop/Robotics_yo/809Y/Move-the-turtlebot3-through-the-maze-as-per-the-ID-on-the-aruco-marker./turtlebot3_ws/install/turtlebot3_fake_node/share/turtlebot3_fake_node/package.dsv
[13.339s] -- Installing: /home/sj/Desktop/Robotics_yo/809Y/Move-the-turtlebot3-through-the-maze-as-per-the-ID-on-the-aruco-marker./turtlebot3_ws/install/turtlebot3_fake_node/share/ament_index/resource_index/packages/turtlebot3_fake_node
[13.339s] -- Installing: /home/sj/Desktop/Robotics_yo/809Y/Move-the-turtlebot3-through-the-maze-as-per-the-ID-on-the-aruco-marker./turtlebot3_ws/install/turtlebot3_fake_node/share/turtlebot3_fake_node/cmake/ament_cmake_export_include_directories-extras.cmake
[13.339s] -- Installing: /home/sj/Desktop/Robotics_yo/809Y/Move-the-turtlebot3-through-the-maze-as-per-the-ID-on-the-aruco-marker./turtlebot3_ws/install/turtlebot3_fake_node/share/turtlebot3_fake_node/cmake/ament_cmake_export_dependencies-extras.cmake
[13.339s] -- Installing: /home/sj/Desktop/Robotics_yo/809Y/Move-the-turtlebot3-through-the-maze-as-per-the-ID-on-the-aruco-marker./turtlebot3_ws/install/turtlebot3_fake_node/share/turtlebot3_fake_node/cmake/turtlebot3_fake_nodeConfig.cmake
[13.339s] -- Installing: /home/sj/Desktop/Robotics_yo/809Y/Move-the-turtlebot3-through-the-maze-as-per-the-ID-on-the-aruco-marker./turtlebot3_ws/install/turtlebot3_fake_node/share/turtlebot3_fake_node/cmake/turtlebot3_fake_nodeConfig-version.cmake
[13.339s] -- Installing: /home/sj/Desktop/Robotics_yo/809Y/Move-the-turtlebot3-through-the-maze-as-per-the-ID-on-the-aruco-marker./turtlebot3_ws/install/turtlebot3_fake_node/share/turtlebot3_fake_node/package.xml
[13.342s] Invoked command in '/home/sj/Desktop/Robotics_yo/809Y/Move-the-turtlebot3-through-the-maze-as-per-the-ID-on-the-aruco-marker./turtlebot3_ws/build/turtlebot3_fake_node' returned '0': CMAKE_PREFIX_PATH=/opt/ros/galactic /usr/bin/cmake --install /home/sj/Desktop/Robotics_yo/809Y/Move-the-turtlebot3-through-the-maze-as-per-the-ID-on-the-aruco-marker./turtlebot3_ws/build/turtlebot3_fake_node
